{"level":"info","message":"[BatchApplication] 배치 작업 스케줄러 시작","timestamp":"2025-04-08T05:24:48.879Z"}
{"level":"info","message":"[BatchApplication] 배치 작업 스케줄링 완료","timestamp":"2025-04-08T05:24:48.907Z"}
{"level":"info","message":"[BatchApplication] 배치 작업 스케줄러 시작","timestamp":"2025-04-08T05:27:40.787Z"}
{"level":"info","message":"[BatchApplication] 배치 작업 스케줄링 완료","timestamp":"2025-04-08T05:27:40.798Z"}
{"level":"info","message":"[PopularPostJob] 인기글 집계 시작","timestamp":"2025-04-08T05:27:40.798Z"}
{"level":"info","message":"[PopularPostJob] 총 14개의 인기글 처리 완료","timestamp":"2025-04-08T05:27:40.883Z"}
{"level":"info","message":"[PopularPostJob] 인기글 집계 완료 (85ms)","timestamp":"2025-04-08T05:27:40.883Z"}
{"level":"info","message":"[PopularPostJob] 인기글 집계 시작","timestamp":"2025-04-08T05:30:00.003Z"}
{"level":"info","message":"[PopularPostJob] 총 14개의 인기글 처리 완료","timestamp":"2025-04-08T05:30:00.096Z"}
{"level":"info","message":"[PopularPostJob] 인기글 집계 완료 (93ms)","timestamp":"2025-04-08T05:30:00.096Z"}
{"level":"info","message":"[BatchApplication] 배치 작업 스케줄러 시작","timestamp":"2025-04-08T05:35:23.252Z"}
{"level":"info","message":"[BatchApplication] 배치 작업 스케줄링 완료","timestamp":"2025-04-08T05:35:23.263Z"}
{"level":"info","message":"[PopularPostJob] 인기글 집계 시작","timestamp":"2025-04-08T05:35:23.268Z"}
{"level":"info","message":"[PopularPostJob] 총 14개의 인기글 처리 완료","timestamp":"2025-04-08T05:35:23.352Z"}
{"level":"info","message":"[PopularPostJob] 인기글 집계 완료 (84ms)","timestamp":"2025-04-08T05:35:23.352Z"}
{"level":"info","message":"[PopularPostJob] 인기글 집계 시작","timestamp":"2025-04-08T05:35:30.002Z"}
{"level":"info","message":"[PopularPostJob] 총 14개의 인기글 처리 완료","timestamp":"2025-04-08T05:35:30.083Z"}
{"level":"info","message":"[PopularPostJob] 인기글 집계 완료 (82ms)","timestamp":"2025-04-08T05:35:30.084Z"}
{"level":"info","message":"[PopularPostJob] 인기글 집계 시작","timestamp":"2025-04-08T05:36:00.002Z"}
{"level":"info","message":"[PopularPostJob] 총 14개의 인기글 처리 완료","timestamp":"2025-04-08T05:36:00.100Z"}
{"level":"info","message":"[PopularPostJob] 인기글 집계 완료 (98ms)","timestamp":"2025-04-08T05:36:00.100Z"}
{"level":"info","message":"[BatchApplication] 배치 작업 스케줄러 시작","timestamp":"2025-04-08T05:36:44.691Z"}
{"level":"info","message":"[BatchApplication] 배치 작업 스케줄링 완료","timestamp":"2025-04-08T05:36:44.703Z"}
{"level":"info","message":"[PopularPostJob] 인기글 집계 시작","timestamp":"2025-04-08T05:36:44.707Z"}
{"level":"info","message":"[PopularPostJob] 총 14개의 인기글 처리 완료","timestamp":"2025-04-08T05:36:44.847Z"}
{"level":"info","message":"[PopularPostJob] 인기글 집계 완료 (140ms)","timestamp":"2025-04-08T05:36:44.847Z"}
{"level":"info","message":"[PopularPostJob] 인기글 집계 시작","timestamp":"2025-04-08T05:37:00.002Z"}
{"level":"info","message":"[PopularPostJob] 총 14개의 인기글 처리 완료","timestamp":"2025-04-08T05:37:00.090Z"}
{"level":"info","message":"[PopularPostJob] 인기글 집계 완료 (88ms)","timestamp":"2025-04-08T05:37:00.090Z"}
{"level":"info","message":"[BatchApplication] 배치 작업 스케줄러 시작","timestamp":"2025-04-08T05:38:13.767Z"}
{"level":"info","message":"[BatchApplication] 배치 작업 스케줄링 완료","timestamp":"2025-04-08T05:38:13.779Z"}
{"level":"info","message":"[PopularPostJob] 인기글 집계 시작","timestamp":"2025-04-08T05:38:13.783Z"}
{"level":"info","message":"[PopularPostJob] 총 14개의 인기글 처리 완료","timestamp":"2025-04-08T05:38:14.095Z"}
{"level":"info","message":"[PopularPostJob] 인기글 집계 완료 (312ms)","timestamp":"2025-04-08T05:38:14.095Z"}
{"level":"info","message":"[PopularPostJob] 인기글 집계 시작","timestamp":"2025-04-08T05:38:30.002Z"}
{"level":"info","message":"[PopularPostJob] 총 14개의 인기글 처리 완료","timestamp":"2025-04-08T05:38:30.090Z"}
{"level":"info","message":"[PopularPostJob] 인기글 집계 완료 (88ms)","timestamp":"2025-04-08T05:38:30.090Z"}
{"level":"info","message":"[PopularPostJob] 인기글 집계 시작","timestamp":"2025-04-08T05:39:00.002Z"}
{"level":"info","message":"[PopularPostJob] 총 14개의 인기글 처리 완료","timestamp":"2025-04-08T05:39:00.091Z"}
{"level":"info","message":"[PopularPostJob] 인기글 집계 완료 (90ms)","timestamp":"2025-04-08T05:39:00.092Z"}
{"level":"info","message":"[PopularPostJob] 인기글 집계 시작","timestamp":"2025-04-08T05:39:30.002Z"}
{"level":"info","message":"[PopularPostJob] 총 14개의 인기글 처리 완료","timestamp":"2025-04-08T05:39:30.077Z"}
{"level":"info","message":"[PopularPostJob] 인기글 집계 완료 (76ms)","timestamp":"2025-04-08T05:39:30.078Z"}
{"level":"info","message":"[PopularPostJob] 인기글 집계 시작","timestamp":"2025-04-08T05:40:00.002Z"}
{"level":"info","message":"[PopularPostJob] 총 14개의 인기글 처리 완료","timestamp":"2025-04-08T05:40:00.084Z"}
{"level":"info","message":"[PopularPostJob] 인기글 집계 완료 (82ms)","timestamp":"2025-04-08T05:40:00.084Z"}
{"level":"info","message":"[BatchApplication] 배치 작업 스케줄러 시작","timestamp":"2025-04-08T05:47:08.321Z"}
{"level":"info","message":"[BatchApplication] 배치 작업 스케줄링 완료","timestamp":"2025-04-08T05:47:08.334Z"}
{"level":"info","message":"[PopularPostJob] 인기글 집계 시작","timestamp":"2025-04-08T05:47:08.339Z"}
{"level":"info","message":"[PopularPostJob] 총 14개의 인기글 처리 완료","timestamp":"2025-04-08T05:47:08.429Z"}
{"level":"info","message":"[PopularPostJob] 인기글 집계 완료 (91ms)","timestamp":"2025-04-08T05:47:08.430Z"}
{"level":"info","message":"[PopularPostJob] 인기글 집계 시작","timestamp":"2025-04-08T05:47:30.002Z"}
{"level":"info","message":"[PopularPostJob] 총 14개의 인기글 처리 완료","timestamp":"2025-04-08T05:47:30.082Z"}
{"level":"info","message":"[PopularPostJob] 인기글 집계 완료 (80ms)","timestamp":"2025-04-08T05:47:30.082Z"}
